TN:
SF:src/index.js
FN:3,initDB
FN:7,createTable
FN:8,(anonymous_2)
FN:9,(anonymous_3)
FN:19,dropTable
FN:20,(anonymous_5)
FN:21,(anonymous_6)
FN:31,insertUser
FN:32,(anonymous_8)
FN:33,(anonymous_9)
FN:43,getUsersByName
FN:46,(anonymous_11)
FN:47,(anonymous_12)
FN:56,closeDBPool
FNF:14
FNH:14
FNDA:1,initDB
FNDA:1,createTable
FNDA:1,(anonymous_2)
FNDA:1,(anonymous_3)
FNDA:1,dropTable
FNDA:1,(anonymous_5)
FNDA:1,(anonymous_6)
FNDA:1,insertUser
FNDA:1,(anonymous_8)
FNDA:1,(anonymous_9)
FNDA:1,getUsersByName
FNDA:1,(anonymous_11)
FNDA:1,(anonymous_12)
FNDA:1,closeDBPool
DA:1,1
DA:3,1
DA:4,1
DA:7,1
DA:8,1
DA:9,1
DA:10,1
DA:11,0
DA:13,1
DA:19,1
DA:20,1
DA:21,1
DA:22,1
DA:23,0
DA:25,1
DA:31,1
DA:32,1
DA:33,1
DA:34,1
DA:35,0
DA:37,1
DA:43,1
DA:44,1
DA:46,1
DA:47,1
DA:48,1
DA:49,0
DA:51,1
DA:56,1
DA:57,1
LF:30
LH:26
BRDA:10,0,0,0
BRDA:10,0,1,1
BRDA:22,1,0,0
BRDA:22,1,1,1
BRDA:34,2,0,0
BRDA:34,2,1,1
BRDA:48,3,0,0
BRDA:48,3,1,1
BRF:8
BRH:4
end_of_record
